<?xml version="1.0" encoding="UTF-8"?>
<!-- Generated by org.testng.reporters.JUnitReportReporter -->
<testsuite hostname="DESKTOP-TPS5RRP" failures="0" tests="1" name="com.excelData.ExcelData" time="3.249" errors="0" timestamp="2021-02-19T09:55:33 PST" skipped="0">
  <testcase classname="com.excelData.ExcelData" name="ExcelReader" time="3.249"/>
  <system-out/>
</testsuite> <!-- com.excelData.ExcelData -->
