<?xml version="1.0" encoding="UTF-8"?>
<!-- Generated by org.testng.reporters.JUnitReportReporter -->
<testsuite hostname="DESKTOP-TPS5RRP" failures="0" tests="1" name="com.test.AddWomenDressToCart" time="14.503" errors="0" timestamp="2021-02-19T11:20:21 PST" skipped="0">
  <testcase classname="com.test.AddWomenDressToCart" name="AddDressToShoppingCart" time="14.503"/>
  <system-out/>
</testsuite> <!-- com.test.AddWomenDressToCart -->
